Symlinking /home/gianluca/Desktop/Università/Robotica/project_delivery/Robotic_Exercises/Exercise3/devel/share/roseus/ros/forward_kinematic_srv/manifest.l
Symlinking /home/gianluca/Desktop/Università/Robotica/project_delivery/Robotic_Exercises/Exercise3/devel/share/roseus/ros/forward_kinematic_srv/srv/ForwardKinSrv.l
Symlinking /home/gianluca/Desktop/Università/Robotica/project_delivery/Robotic_Exercises/Exercise3/devel/share/gennodejs/ros/forward_kinematic_srv/_index.js
Symlinking /home/gianluca/Desktop/Università/Robotica/project_delivery/Robotic_Exercises/Exercise3/devel/share/gennodejs/ros/forward_kinematic_srv/srv/ForwardKinSrv.js
Symlinking /home/gianluca/Desktop/Università/Robotica/project_delivery/Robotic_Exercises/Exercise3/devel/share/gennodejs/ros/forward_kinematic_srv/srv/_index.js
Symlinking /home/gianluca/Desktop/Università/Robotica/project_delivery/Robotic_Exercises/Exercise3/devel/share/common-lisp/ros/forward_kinematic_srv/srv/ForwardKinSrv.lisp
Symlinking /home/gianluca/Desktop/Università/Robotica/project_delivery/Robotic_Exercises/Exercise3/devel/share/common-lisp/ros/forward_kinematic_srv/srv/_package_ForwardKinSrv.lisp
Symlinking /home/gianluca/Desktop/Università/Robotica/project_delivery/Robotic_Exercises/Exercise3/devel/share/common-lisp/ros/forward_kinematic_srv/srv/forward_kinematic_srv-srv.asd
Symlinking /home/gianluca/Desktop/Università/Robotica/project_delivery/Robotic_Exercises/Exercise3/devel/share/common-lisp/ros/forward_kinematic_srv/srv/_package.lisp
Symlinking /home/gianluca/Desktop/Università/Robotica/project_delivery/Robotic_Exercises/Exercise3/devel/share/forward_kinematic_srv/cmake/forward_kinematic_srvConfig-version.cmake
Symlinking /home/gianluca/Desktop/Università/Robotica/project_delivery/Robotic_Exercises/Exercise3/devel/share/forward_kinematic_srv/cmake/forward_kinematic_srv-msg-paths.cmake
Symlinking /home/gianluca/Desktop/Università/Robotica/project_delivery/Robotic_Exercises/Exercise3/devel/share/forward_kinematic_srv/cmake/forward_kinematic_srvConfig.cmake
Symlinking /home/gianluca/Desktop/Università/Robotica/project_delivery/Robotic_Exercises/Exercise3/devel/share/forward_kinematic_srv/cmake/forward_kinematic_srv-msg-extras.cmake
Symlinking /home/gianluca/Desktop/Università/Robotica/project_delivery/Robotic_Exercises/Exercise3/devel/lib/python2.7/dist-packages/forward_kinematic_srv/__init__.py
Symlinking /home/gianluca/Desktop/Università/Robotica/project_delivery/Robotic_Exercises/Exercise3/devel/lib/python2.7/dist-packages/forward_kinematic_srv/srv/_ForwardKinSrv.py
Symlinking /home/gianluca/Desktop/Università/Robotica/project_delivery/Robotic_Exercises/Exercise3/devel/lib/python2.7/dist-packages/forward_kinematic_srv/srv/__init__.py
Symlinking /home/gianluca/Desktop/Università/Robotica/project_delivery/Robotic_Exercises/Exercise3/devel/lib/pkgconfig/forward_kinematic_srv.pc
Symlinking /home/gianluca/Desktop/Università/Robotica/project_delivery/Robotic_Exercises/Exercise3/devel/include/forward_kinematic_srv/ForwardKinSrvResponse.h
Symlinking /home/gianluca/Desktop/Università/Robotica/project_delivery/Robotic_Exercises/Exercise3/devel/include/forward_kinematic_srv/ForwardKinSrv.h
Symlinking /home/gianluca/Desktop/Università/Robotica/project_delivery/Robotic_Exercises/Exercise3/devel/include/forward_kinematic_srv/ForwardKinSrvRequest.h
