Determining if the pthread_create exist failed with the following output:
Change Dir: /home/gianluca/Desktop/Università/Robotica/project_delivery/Robotic_Exercises/Exercise3/build/fanuc_description/CMakeFiles/CMakeTmp

Run Build Command:"/usr/bin/make" "cmTC_3fd3a/fast"
/usr/bin/make -f CMakeFiles/cmTC_3fd3a.dir/build.make CMakeFiles/cmTC_3fd3a.dir/build
make[1]: Entering directory '/home/gianluca/Desktop/Università/Robotica/project_delivery/Robotic_Exercises/Exercise3/build/fanuc_description/CMakeFiles/CMakeTmp'
Building C object CMakeFiles/cmTC_3fd3a.dir/CheckSymbolExists.c.o
/usr/bin/cc    -o CMakeFiles/cmTC_3fd3a.dir/CheckSymbolExists.c.o   -c /home/gianluca/Desktop/Università/Robotica/project_delivery/Robotic_Exercises/Exercise3/build/fanuc_description/CMakeFiles/CMakeTmp/CheckSymbolExists.c
Linking C executable cmTC_3fd3a
/usr/bin/cmake -E cmake_link_script CMakeFiles/cmTC_3fd3a.dir/link.txt --verbose=1
/usr/bin/cc      -rdynamic CMakeFiles/cmTC_3fd3a.dir/CheckSymbolExists.c.o  -o cmTC_3fd3a 
CMakeFiles/cmTC_3fd3a.dir/CheckSymbolExists.c.o: In function `main':
CheckSymbolExists.c:(.text+0x1b): undefined reference to `pthread_create'
collect2: error: ld returned 1 exit status
CMakeFiles/cmTC_3fd3a.dir/build.make:97: recipe for target 'cmTC_3fd3a' failed
make[1]: *** [cmTC_3fd3a] Error 1
make[1]: Leaving directory '/home/gianluca/Desktop/Università/Robotica/project_delivery/Robotic_Exercises/Exercise3/build/fanuc_description/CMakeFiles/CMakeTmp'
Makefile:126: recipe for target 'cmTC_3fd3a/fast' failed
make: *** [cmTC_3fd3a/fast] Error 2

File /home/gianluca/Desktop/Università/Robotica/project_delivery/Robotic_Exercises/Exercise3/build/fanuc_description/CMakeFiles/CMakeTmp/CheckSymbolExists.c:
/* */
#include <pthread.h>

int main(int argc, char** argv)
{
  (void)argv;
#ifndef pthread_create
  return ((int*)(&pthread_create))[argc];
#else
  (void)argc;
  return 0;
#endif
}

Determining if the function pthread_create exists in the pthreads failed with the following output:
Change Dir: /home/gianluca/Desktop/Università/Robotica/project_delivery/Robotic_Exercises/Exercise3/build/fanuc_description/CMakeFiles/CMakeTmp

Run Build Command:"/usr/bin/make" "cmTC_08bba/fast"
/usr/bin/make -f CMakeFiles/cmTC_08bba.dir/build.make CMakeFiles/cmTC_08bba.dir/build
make[1]: Entering directory '/home/gianluca/Desktop/Università/Robotica/project_delivery/Robotic_Exercises/Exercise3/build/fanuc_description/CMakeFiles/CMakeTmp'
Building C object CMakeFiles/cmTC_08bba.dir/CheckFunctionExists.c.o
/usr/bin/cc   -DCHECK_FUNCTION_EXISTS=pthread_create   -o CMakeFiles/cmTC_08bba.dir/CheckFunctionExists.c.o   -c /usr/share/cmake-3.10/Modules/CheckFunctionExists.c
Linking C executable cmTC_08bba
/usr/bin/cmake -E cmake_link_script CMakeFiles/cmTC_08bba.dir/link.txt --verbose=1
/usr/bin/cc  -DCHECK_FUNCTION_EXISTS=pthread_create    -rdynamic CMakeFiles/cmTC_08bba.dir/CheckFunctionExists.c.o  -o cmTC_08bba -lpthreads 
/usr/bin/ld: cannot find -lpthreads
collect2: error: ld returned 1 exit status
CMakeFiles/cmTC_08bba.dir/build.make:97: recipe for target 'cmTC_08bba' failed
make[1]: *** [cmTC_08bba] Error 1
make[1]: Leaving directory '/home/gianluca/Desktop/Università/Robotica/project_delivery/Robotic_Exercises/Exercise3/build/fanuc_description/CMakeFiles/CMakeTmp'
Makefile:126: recipe for target 'cmTC_08bba/fast' failed
make: *** [cmTC_08bba/fast] Error 2


