Determining if the pthread_create exist failed with the following output:
Change Dir: /home/mivia/Desktop/project_delivery/Exercise1/build/catkin_tools_prebuild/CMakeFiles/CMakeTmp

Run Build Command:"/usr/bin/make" "cmTC_25ce9/fast"
/usr/bin/make -f CMakeFiles/cmTC_25ce9.dir/build.make CMakeFiles/cmTC_25ce9.dir/build
make[1]: Entering directory '/home/mivia/Desktop/project_delivery/Exercise1/build/catkin_tools_prebuild/CMakeFiles/CMakeTmp'
Building C object CMakeFiles/cmTC_25ce9.dir/CheckSymbolExists.c.o
/usr/bin/cc    -o CMakeFiles/cmTC_25ce9.dir/CheckSymbolExists.c.o   -c /home/mivia/Desktop/project_delivery/Exercise1/build/catkin_tools_prebuild/CMakeFiles/CMakeTmp/CheckSymbolExists.c
Linking C executable cmTC_25ce9
/usr/bin/cmake -E cmake_link_script CMakeFiles/cmTC_25ce9.dir/link.txt --verbose=1
/usr/bin/cc      -rdynamic CMakeFiles/cmTC_25ce9.dir/CheckSymbolExists.c.o  -o cmTC_25ce9 
CMakeFiles/cmTC_25ce9.dir/CheckSymbolExists.c.o: In function `main':
CheckSymbolExists.c:(.text+0x1b): undefined reference to `pthread_create'
collect2: error: ld returned 1 exit status
CMakeFiles/cmTC_25ce9.dir/build.make:97: recipe for target 'cmTC_25ce9' failed
make[1]: *** [cmTC_25ce9] Error 1
make[1]: Leaving directory '/home/mivia/Desktop/project_delivery/Exercise1/build/catkin_tools_prebuild/CMakeFiles/CMakeTmp'
Makefile:126: recipe for target 'cmTC_25ce9/fast' failed
make: *** [cmTC_25ce9/fast] Error 2

File /home/mivia/Desktop/project_delivery/Exercise1/build/catkin_tools_prebuild/CMakeFiles/CMakeTmp/CheckSymbolExists.c:
/* */
#include <pthread.h>

int main(int argc, char** argv)
{
  (void)argv;
#ifndef pthread_create
  return ((int*)(&pthread_create))[argc];
#else
  (void)argc;
  return 0;
#endif
}

Determining if the function pthread_create exists in the pthreads failed with the following output:
Change Dir: /home/mivia/Desktop/project_delivery/Exercise1/build/catkin_tools_prebuild/CMakeFiles/CMakeTmp

Run Build Command:"/usr/bin/make" "cmTC_463ec/fast"
/usr/bin/make -f CMakeFiles/cmTC_463ec.dir/build.make CMakeFiles/cmTC_463ec.dir/build
make[1]: Entering directory '/home/mivia/Desktop/project_delivery/Exercise1/build/catkin_tools_prebuild/CMakeFiles/CMakeTmp'
Building C object CMakeFiles/cmTC_463ec.dir/CheckFunctionExists.c.o
/usr/bin/cc   -DCHECK_FUNCTION_EXISTS=pthread_create   -o CMakeFiles/cmTC_463ec.dir/CheckFunctionExists.c.o   -c /usr/share/cmake-3.10/Modules/CheckFunctionExists.c
Linking C executable cmTC_463ec
/usr/bin/cmake -E cmake_link_script CMakeFiles/cmTC_463ec.dir/link.txt --verbose=1
/usr/bin/cc  -DCHECK_FUNCTION_EXISTS=pthread_create    -rdynamic CMakeFiles/cmTC_463ec.dir/CheckFunctionExists.c.o  -o cmTC_463ec -lpthreads 
/usr/bin/ld: cannot find -lpthreads
collect2: error: ld returned 1 exit status
CMakeFiles/cmTC_463ec.dir/build.make:97: recipe for target 'cmTC_463ec' failed
make[1]: *** [cmTC_463ec] Error 1
make[1]: Leaving directory '/home/mivia/Desktop/project_delivery/Exercise1/build/catkin_tools_prebuild/CMakeFiles/CMakeTmp'
Makefile:126: recipe for target 'cmTC_463ec/fast' failed
make: *** [cmTC_463ec/fast] Error 2


