Determining if the pthread_create exist failed with the following output:
Change Dir: /home/gianluca/Desktop/Università/Robotica/project_delivery/Robotic_Exercises/Exercise5/build/fanuc_move_group_interface/CMakeFiles/CMakeTmp

Run Build Command:"/usr/bin/make" "cmTC_54bc3/fast"
/usr/bin/make -f CMakeFiles/cmTC_54bc3.dir/build.make CMakeFiles/cmTC_54bc3.dir/build
make[1]: Entering directory '/home/gianluca/Desktop/Università/Robotica/project_delivery/Robotic_Exercises/Exercise5/build/fanuc_move_group_interface/CMakeFiles/CMakeTmp'
Building C object CMakeFiles/cmTC_54bc3.dir/CheckSymbolExists.c.o
/usr/bin/cc    -o CMakeFiles/cmTC_54bc3.dir/CheckSymbolExists.c.o   -c /home/gianluca/Desktop/Università/Robotica/project_delivery/Robotic_Exercises/Exercise5/build/fanuc_move_group_interface/CMakeFiles/CMakeTmp/CheckSymbolExists.c
Linking C executable cmTC_54bc3
/usr/bin/cmake -E cmake_link_script CMakeFiles/cmTC_54bc3.dir/link.txt --verbose=1
/usr/bin/cc      -rdynamic CMakeFiles/cmTC_54bc3.dir/CheckSymbolExists.c.o  -o cmTC_54bc3 
CMakeFiles/cmTC_54bc3.dir/CheckSymbolExists.c.o: In function `main':
CheckSymbolExists.c:(.text+0x1b): undefined reference to `pthread_create'
collect2: error: ld returned 1 exit status
CMakeFiles/cmTC_54bc3.dir/build.make:97: recipe for target 'cmTC_54bc3' failed
make[1]: *** [cmTC_54bc3] Error 1
make[1]: Leaving directory '/home/gianluca/Desktop/Università/Robotica/project_delivery/Robotic_Exercises/Exercise5/build/fanuc_move_group_interface/CMakeFiles/CMakeTmp'
Makefile:126: recipe for target 'cmTC_54bc3/fast' failed
make: *** [cmTC_54bc3/fast] Error 2

File /home/gianluca/Desktop/Università/Robotica/project_delivery/Robotic_Exercises/Exercise5/build/fanuc_move_group_interface/CMakeFiles/CMakeTmp/CheckSymbolExists.c:
/* */
#include <pthread.h>

int main(int argc, char** argv)
{
  (void)argv;
#ifndef pthread_create
  return ((int*)(&pthread_create))[argc];
#else
  (void)argc;
  return 0;
#endif
}

Determining if the function pthread_create exists in the pthreads failed with the following output:
Change Dir: /home/gianluca/Desktop/Università/Robotica/project_delivery/Robotic_Exercises/Exercise5/build/fanuc_move_group_interface/CMakeFiles/CMakeTmp

Run Build Command:"/usr/bin/make" "cmTC_93397/fast"
/usr/bin/make -f CMakeFiles/cmTC_93397.dir/build.make CMakeFiles/cmTC_93397.dir/build
make[1]: Entering directory '/home/gianluca/Desktop/Università/Robotica/project_delivery/Robotic_Exercises/Exercise5/build/fanuc_move_group_interface/CMakeFiles/CMakeTmp'
Building C object CMakeFiles/cmTC_93397.dir/CheckFunctionExists.c.o
/usr/bin/cc   -DCHECK_FUNCTION_EXISTS=pthread_create   -o CMakeFiles/cmTC_93397.dir/CheckFunctionExists.c.o   -c /usr/share/cmake-3.10/Modules/CheckFunctionExists.c
Linking C executable cmTC_93397
/usr/bin/cmake -E cmake_link_script CMakeFiles/cmTC_93397.dir/link.txt --verbose=1
/usr/bin/cc  -DCHECK_FUNCTION_EXISTS=pthread_create    -rdynamic CMakeFiles/cmTC_93397.dir/CheckFunctionExists.c.o  -o cmTC_93397 -lpthreads 
/usr/bin/ld: cannot find -lpthreads
collect2: error: ld returned 1 exit status
CMakeFiles/cmTC_93397.dir/build.make:97: recipe for target 'cmTC_93397' failed
make[1]: *** [cmTC_93397] Error 1
make[1]: Leaving directory '/home/gianluca/Desktop/Università/Robotica/project_delivery/Robotic_Exercises/Exercise5/build/fanuc_move_group_interface/CMakeFiles/CMakeTmp'
Makefile:126: recipe for target 'cmTC_93397/fast' failed
make: *** [cmTC_93397/fast] Error 2


